<?xml version="1.0" ?>
<coverage version="7.15.4" timestamp="1787602257006" lines-valid="332" lines-covered="35" line-rate="0.1054" branches-valid="46" branches-covered="0" branch-rate="0" complexity="0">
	<!-- Generated by coverage.py: https://coverage.readthedocs.io/en/7.15.4 -->
	<!-- Based on https://raw.githubusercontent.com/cobertura/web/master/htdocs/xml/coverage-04.dtd -->
	<sources>
		<source>C:\Users\Alvaro\github-limpio\worldcup-2026\src</source>
	</sources>
	<packages>
		<package name="." line-rate="0.1054" branch-rate="0" complexity="0">
			<classes>
				<class name="export_visualizations.py" filename="export_visualizations.py" complexity="0" line-rate="0" branch-rate="0">
					<methods/>
					<lines>
						<line number="7" hits="0"/>
						<line number="8" hits="0"/>
						<line number="9" hits="0"/>
						<line number="10" hits="0"/>
						<line number="12" hits="0"/>
						<line number="14" hits="0"/>
						<line number="15" hits="0"/>
						<line number="17" hits="0"/>
						<line number="28" hits="0"/>
						<line number="29" hits="0"/>
						<line number="32" hits="0"/>
						<line number="33" hits="0"/>
						<line number="34" hits="0"/>
						<line number="35" hits="0"/>
						<line number="36" hits="0"/>
						<line number="37" hits="0"/>
						<line number="38" hits="0"/>
						<line number="41" hits="0"/>
						<line number="42" hits="0"/>
						<line number="51" hits="0"/>
						<line number="54" hits="0"/>
						<line number="56" hits="0"/>
						<line number="74" hits="0"/>
						<line number="75" hits="0"/>
						<line number="85" hits="0"/>
						<line number="86" hits="0"/>
						<line number="87" hits="0"/>
						<line number="90" hits="0"/>
						<line number="96" hits="0"/>
						<line number="103" hits="0"/>
						<line number="105" hits="0"/>
						<line number="114" hits="0"/>
						<line number="116" hits="0"/>
						<line number="117" hits="0" branch="true" condition-coverage="0% (0/2)" missing-branches="118,124"/>
						<line number="118" hits="0"/>
						<line number="119" hits="0" branch="true" condition-coverage="0% (0/2)" missing-branches="117,120"/>
						<line number="120" hits="0"/>
						<line number="121" hits="0" branch="true" condition-coverage="0% (0/2)" missing-branches="119,122"/>
						<line number="122" hits="0"/>
						<line number="124" hits="0"/>
						<line number="125" hits="0" branch="true" condition-coverage="0% (0/2)" missing-branches="126,130"/>
						<line number="126" hits="0"/>
						<line number="127" hits="0"/>
						<line number="128" hits="0"/>
						<line number="130" hits="0"/>
						<line number="131" hits="0"/>
						<line number="132" hits="0" branch="true" condition-coverage="0% (0/2)" missing-branches="133,138"/>
						<line number="133" hits="0" branch="true" condition-coverage="0% (0/2)" missing-branches="132,134"/>
						<line number="134" hits="0"/>
						<line number="135" hits="0" branch="true" condition-coverage="0% (0/2)" missing-branches="133,136"/>
						<line number="136" hits="0"/>
						<line number="138" hits="0"/>
						<line number="139" hits="0"/>
						<line number="140" hits="0"/>
						<line number="141" hits="0"/>
						<line number="144" hits="0"/>
						<line number="146" hits="0"/>
						<line number="171" hits="0"/>
						<line number="172" hits="0" branch="true" condition-coverage="0% (0/2)" missing-branches="173,189"/>
						<line number="173" hits="0"/>
						<line number="174" hits="0"/>
						<line number="175" hits="0"/>
						<line number="176" hits="0" branch="true" condition-coverage="0% (0/2)" missing-branches="177,179"/>
						<line number="177" hits="0"/>
						<line number="179" hits="0"/>
						<line number="180" hits="0"/>
						<line number="181" hits="0" branch="true" condition-coverage="0% (0/2)" missing-branches="182,183"/>
						<line number="182" hits="0"/>
						<line number="183" hits="0" branch="true" condition-coverage="0% (0/2)" missing-branches="184,186"/>
						<line number="184" hits="0"/>
						<line number="186" hits="0"/>
						<line number="187" hits="0"/>
						<line number="189" hits="0"/>
						<line number="198" hits="0"/>
						<line number="199" hits="0"/>
						<line number="200" hits="0"/>
						<line number="203" hits="0"/>
						<line number="205" hits="0"/>
						<line number="292" hits="0"/>
						<line number="293" hits="0"/>
						<line number="294" hits="0"/>
						<line number="295" hits="0"/>
						<line number="298" hits="0"/>
						<line number="300" hits="0"/>
						<line number="302" hits="0" branch="true" condition-coverage="0% (0/2)" missing-branches="303,309"/>
						<line number="303" hits="0"/>
						<line number="304" hits="0"/>
						<line number="307" hits="0"/>
						<line number="309" hits="0"/>
						<line number="310" hits="0"/>
						<line number="312" hits="0"/>
						<line number="313" hits="0"/>
						<line number="314" hits="0"/>
						<line number="315" hits="0"/>
						<line number="316" hits="0"/>
						<line number="318" hits="0"/>
						<line number="319" hits="0"/>
						<line number="320" hits="0"/>
						<line number="321" hits="0"/>
						<line number="322" hits="0"/>
						<line number="323" hits="0"/>
						<line number="324" hits="0"/>
						<line number="325" hits="0"/>
						<line number="326" hits="0"/>
						<line number="327" hits="0"/>
						<line number="329" hits="0"/>
					</lines>
				</class>
				<class name="queries.py" filename="queries.py" complexity="0" line-rate="0.4561" branch-rate="0">
					<methods/>
					<lines>
						<line number="3" hits="1"/>
						<line number="4" hits="1"/>
						<line number="5" hits="1"/>
						<line number="6" hits="1"/>
						<line number="7" hits="1"/>
						<line number="9" hits="1"/>
						<line number="11" hits="1"/>
						<line number="14" hits="1"/>
						<line number="17" hits="1"/>
						<line number="19" hits="0"/>
						<line number="22" hits="1"/>
						<line number="28" hits="0"/>
						<line number="29" hits="0"/>
						<line number="33" hits="1"/>
						<line number="35" hits="0"/>
						<line number="53" hits="1"/>
						<line number="55" hits="0"/>
						<line number="71" hits="1"/>
						<line number="73" hits="0"/>
						<line number="91" hits="1"/>
						<line number="93" hits="0"/>
						<line number="109" hits="1"/>
						<line number="111" hits="0"/>
						<line number="127" hits="1"/>
						<line number="129" hits="0"/>
						<line number="141" hits="1"/>
						<line number="143" hits="0"/>
						<line number="163" hits="1"/>
						<line number="165" hits="0"/>
						<line number="188" hits="1"/>
						<line number="190" hits="0"/>
						<line number="206" hits="1"/>
						<line number="208" hits="0"/>
						<line number="229" hits="1"/>
						<line number="231" hits="0"/>
						<line number="247" hits="1"/>
						<line number="249" hits="0"/>
						<line number="262" hits="1"/>
						<line number="264" hits="0"/>
						<line number="289" hits="1"/>
						<line number="291" hits="0"/>
						<line number="315" hits="1"/>
						<line number="322" hits="0"/>
						<line number="333" hits="0"/>
						<line number="334" hits="0" branch="true" condition-coverage="0% (0/2)" missing-branches="335,337"/>
						<line number="335" hits="0"/>
						<line number="336" hits="0"/>
						<line number="337" hits="0" branch="true" condition-coverage="0% (0/2)" missing-branches="338,340"/>
						<line number="338" hits="0"/>
						<line number="339" hits="0"/>
						<line number="340" hits="0" branch="true" condition-coverage="0% (0/2)" missing-branches="341,343"/>
						<line number="341" hits="0"/>
						<line number="342" hits="0"/>
						<line number="343" hits="0"/>
						<line number="344" hits="0"/>
						<line number="348" hits="1"/>
						<line number="350" hits="0"/>
					</lines>
				</class>
				<class name="seed_data.py" filename="seed_data.py" complexity="0" line-rate="0.05325" branch-rate="0">
					<methods/>
					<lines>
						<line number="3" hits="1"/>
						<line number="4" hits="1"/>
						<line number="5" hits="1"/>
						<line number="7" hits="1"/>
						<line number="10" hits="1"/>
						<line number="11" hits="1"/>
						<line number="14" hits="1"/>
						<line number="15" hits="0"/>
						<line number="16" hits="0"/>
						<line number="17" hits="0"/>
						<line number="18" hits="0"/>
						<line number="19" hits="0"/>
						<line number="22" hits="1"/>
						<line number="23" hits="0"/>
						<line number="24" hits="0"/>
						<line number="25" hits="0"/>
						<line number="26" hits="0"/>
						<line number="27" hits="0"/>
						<line number="29" hits="0"/>
						<line number="32" hits="1"/>
						<line number="33" hits="0"/>
						<line number="34" hits="0"/>
						<line number="37" hits="0"/>
						<line number="85" hits="0"/>
						<line number="91" hits="0"/>
						<line number="147" hits="0"/>
						<line number="153" hits="0"/>
						<line number="154" hits="0"/>
						<line number="155" hits="0" branch="true" condition-coverage="0% (0/2)" missing-branches="156,159"/>
						<line number="156" hits="0"/>
						<line number="159" hits="0"/>
						<line number="160" hits="0" branch="true" condition-coverage="0% (0/2)" missing-branches="161,162"/>
						<line number="161" hits="0"/>
						<line number="162" hits="0"/>
						<line number="163" hits="0"/>
						<line number="164" hits="0" branch="true" condition-coverage="0% (0/2)" missing-branches="165,168"/>
						<line number="165" hits="0"/>
						<line number="168" hits="0"/>
						<line number="219" hits="0" branch="true" condition-coverage="0% (0/2)" missing-branches="220,228"/>
						<line number="220" hits="0"/>
						<line number="228" hits="0"/>
						<line number="229" hits="0" branch="true" condition-coverage="0% (0/2)" missing-branches="230,233"/>
						<line number="230" hits="0" branch="true" condition-coverage="0% (0/2)" missing-branches="229,232"/>
						<line number="232" hits="0"/>
						<line number="233" hits="0"/>
						<line number="236" hits="0"/>
						<line number="238" hits="0"/>
						<line number="254" hits="0"/>
						<line number="275" hits="0"/>
						<line number="291" hits="0"/>
						<line number="307" hits="0"/>
						<line number="323" hits="0"/>
						<line number="339" hits="0"/>
						<line number="355" hits="0"/>
						<line number="373" hits="0"/>
						<line number="389" hits="0"/>
						<line number="405" hits="0"/>
						<line number="421" hits="0"/>
						<line number="437" hits="0"/>
						<line number="453" hits="0"/>
						<line number="471" hits="0"/>
						<line number="487" hits="0"/>
						<line number="503" hits="0"/>
						<line number="519" hits="0"/>
						<line number="535" hits="0"/>
						<line number="551" hits="0"/>
						<line number="569" hits="0"/>
						<line number="585" hits="0"/>
						<line number="601" hits="0"/>
						<line number="617" hits="0"/>
						<line number="633" hits="0"/>
						<line number="649" hits="0"/>
						<line number="667" hits="0"/>
						<line number="683" hits="0"/>
						<line number="699" hits="0"/>
						<line number="715" hits="0"/>
						<line number="731" hits="0"/>
						<line number="747" hits="0"/>
						<line number="765" hits="0"/>
						<line number="781" hits="0"/>
						<line number="797" hits="0"/>
						<line number="813" hits="0"/>
						<line number="829" hits="0"/>
						<line number="845" hits="0"/>
						<line number="863" hits="0"/>
						<line number="879" hits="0"/>
						<line number="895" hits="0"/>
						<line number="911" hits="0"/>
						<line number="927" hits="0"/>
						<line number="943" hits="0"/>
						<line number="961" hits="0"/>
						<line number="977" hits="0"/>
						<line number="993" hits="0"/>
						<line number="1009" hits="0"/>
						<line number="1025" hits="0"/>
						<line number="1041" hits="0"/>
						<line number="1059" hits="0"/>
						<line number="1075" hits="0"/>
						<line number="1091" hits="0"/>
						<line number="1107" hits="0"/>
						<line number="1123" hits="0"/>
						<line number="1139" hits="0"/>
						<line number="1157" hits="0"/>
						<line number="1173" hits="0"/>
						<line number="1189" hits="0"/>
						<line number="1205" hits="0"/>
						<line number="1221" hits="0"/>
						<line number="1237" hits="0"/>
						<line number="1255" hits="0"/>
						<line number="1271" hits="0"/>
						<line number="1287" hits="0"/>
						<line number="1303" hits="0"/>
						<line number="1319" hits="0"/>
						<line number="1335" hits="0"/>
						<line number="1353" hits="0"/>
						<line number="1369" hits="0"/>
						<line number="1385" hits="0"/>
						<line number="1401" hits="0"/>
						<line number="1417" hits="0"/>
						<line number="1433" hits="0"/>
						<line number="1452" hits="0"/>
						<line number="1468" hits="0"/>
						<line number="1484" hits="0"/>
						<line number="1500" hits="0"/>
						<line number="1516" hits="0"/>
						<line number="1532" hits="0"/>
						<line number="1548" hits="0"/>
						<line number="1564" hits="0"/>
						<line number="1580" hits="0"/>
						<line number="1596" hits="0"/>
						<line number="1612" hits="0"/>
						<line number="1628" hits="0"/>
						<line number="1644" hits="0"/>
						<line number="1660" hits="0"/>
						<line number="1676" hits="0"/>
						<line number="1692" hits="0"/>
						<line number="1710" hits="0"/>
						<line number="1726" hits="0"/>
						<line number="1742" hits="0"/>
						<line number="1758" hits="0"/>
						<line number="1774" hits="0"/>
						<line number="1790" hits="0"/>
						<line number="1806" hits="0"/>
						<line number="1822" hits="0"/>
						<line number="1840" hits="0"/>
						<line number="1856" hits="0"/>
						<line number="1872" hits="0"/>
						<line number="1888" hits="0"/>
						<line number="1906" hits="0"/>
						<line number="1922" hits="0"/>
						<line number="1940" hits="0"/>
						<line number="1958" hits="0"/>
						<line number="1975" hits="0"/>
						<line number="1984" hits="0"/>
						<line number="2290" hits="0"/>
						<line number="2291" hits="0" branch="true" condition-coverage="0% (0/2)" missing-branches="2292,2297"/>
						<line number="2292" hits="0"/>
						<line number="2293" hits="0"/>
						<line number="2294" hits="0" branch="true" condition-coverage="0% (0/2)" missing-branches="2295,2296"/>
						<line number="2295" hits="0"/>
						<line number="2296" hits="0"/>
						<line number="2297" hits="0"/>
						<line number="2303" hits="0"/>
						<line number="2314" hits="0"/>
						<line number="2318" hits="0"/>
						<line number="2319" hits="0"/>
						<line number="2320" hits="0"/>
						<line number="2321" hits="0"/>
						<line number="2322" hits="0"/>
					</lines>
				</class>
			</classes>
		</package>
	</packages>
</coverage>
